INFO:root:############################
INFO:root:2023-02-02 19:36:11.271457
INFO:root:MAEVE Starting
INFO:root:############################
INFO:root:############################################
INFO:root:Strategy Run @2023-02-02 19:36:11.272116
INFO:root:#############################################
INFO:root:Market pulse
INFO:root:Event Log
INFO:root:Sleeping for 30 min
INFO:root:############################################
INFO:root:Strategy Run @2023-02-02 20:06:12.232963
INFO:root:#############################################
INFO:root:Market pulse
INFO:root:Event Log
INFO:root:Sleeping for 30 min
INFO:root:############################################
INFO:root:Strategy Run @2023-02-02 20:36:13.201664
INFO:root:#############################################
INFO:root:Market pulse
INFO:root:Event Log
INFO:root:Sleeping for 30 min
INFO:root:############################################
INFO:root:Strategy Run @2023-02-02 21:06:14.102939
INFO:root:#############################################
INFO:root:Market pulse
INFO:root:Event Log
INFO:root:Sleeping for 30 min
INFO:root:############################################
INFO:root:Strategy Run @2023-02-02 21:36:14.966628
INFO:root:#############################################
INFO:root:Market pulse
INFO:root:Event Log
INFO:root:Sleeping for 30 min
INFO:root:############################################
INFO:root:Strategy Run @2023-02-02 22:06:16.090085
INFO:root:#############################################
INFO:root:Market pulse
INFO:root:Event Log
INFO:root:Sleeping for 30 min
INFO:root:############################################
INFO:root:Strategy Run @2023-02-02 22:36:16.980706
INFO:root:#############################################
INFO:root:Market pulse
INFO:root:Event Log
INFO:root:Sleeping for 30 min
INFO:root:############################################
INFO:root:Strategy Run @2023-02-02 23:06:18.010539
INFO:root:#############################################
INFO:root:Market pulse
INFO:root:Event Log
INFO:root:Sleeping for 30 min
INFO:root:############################################
INFO:root:Strategy Run @2023-02-02 23:36:18.821473
INFO:root:#############################################
INFO:root:Market pulse
INFO:root:Event Log
INFO:root:Sleeping for 30 min
INFO:root:############################################
INFO:root:Strategy Run @2023-02-03 00:06:19.894599
INFO:root:#############################################
INFO:root:Market pulse
INFO:root:Event Log
INFO:root:Sleeping for 30 min
INFO:root:############################################
INFO:root:Strategy Run @2023-02-03 00:36:20.821896
INFO:root:#############################################
INFO:root:Market pulse
INFO:root:Event Log
INFO:root:Sleeping for 30 min
INFO:root:############################################
INFO:root:Strategy Run @2023-02-03 01:06:21.816653
INFO:root:#############################################
INFO:root:Market pulse
INFO:root:Event Log
INFO:root:Sleeping for 30 min
INFO:root:############################
INFO:root:2023-02-03 01:35:29.462593
INFO:root:MAEVE Starting
INFO:root:############################
INFO:root:############################################
INFO:root:Strategy Run @2023-02-03 01:35:30.061204
INFO:root:#############################################
INFO:root:Market pulse
INFO:root:Event Log
INFO:root:Sleeping for 30 min
INFO:root:############################
INFO:root:2023-02-03 01:36:30.329906
INFO:root:MAEVE Starting
INFO:root:############################
INFO:root:############################################
INFO:root:Strategy Run @2023-02-03 01:36:30.865129
INFO:root:#############################################
INFO:root:Market pulse
INFO:root:Event Log
INFO:root:Sleeping for 30 min
